<?xml version="1.0" encoding="utf-8"?><testsuite errors="0" failures="0" name="pytest" skipped="0" tests="17" time="1402.011"><testcase classname="TestNsxTransformer" file="TestNsxTransformer.py" line="38" name="test_GetStub" time="0.014"></testcase><testcase classname="TestNsxTransformer" file="TestNsxTransformer.py" line="46" name="test_RegisterComputerManager" time="5.980"></testcase><testcase classname="TestNsxTransformer" file="TestNsxTransformer.py" line="57" name="test_CreateController" time="763.305"></testcase><testcase classname="TestNsxTransformer" file="TestNsxTransformer.py" line="139" name="test_CreateVtepPool" time="1.161"></testcase><testcase classname="TestNsxTransformer" file="TestNsxTransformer.py" line="150" name="test_CreateOverlayTransportZones" time="0.287"></testcase><testcase classname="TestNsxTransformer" file="TestNsxTransformer.py" line="167" name="test_GetComputeCollections" time="0.537"></testcase><testcase classname="TestNsxTransformer" file="TestNsxTransformer.py" line="176" name="test_AutoInstallNSX" time="270.740"></testcase><testcase classname="TestNsxTransformer" file="TestNsxTransformer.py" line="187" name="test_AddTransportNodes" time="123.793"></testcase><testcase classname="TestNsxTransformer" file="TestNsxTransformer.py" line="196" name="test_DeployEdge" time="195.326"></testcase><testcase classname="TestNsxTransformer" file="TestNsxTransformer.py" line="242" name="test_EdgeUplinkProfile" time="5.753"></testcase><testcase classname="TestNsxTransformer" file="TestNsxTransformer.py" line="249" name="test_EdgeTransportNode" time="32.233"></testcase><testcase classname="TestNsxTransformer" file="TestNsxTransformer.py" line="257" name="test_CreateEdgeCluster" time="0.273"></testcase><testcase classname="TestNsxTransformer" file="TestNsxTransformer.py" line="265" name="test_CreateDHCPServerProfile" time="0.251"></testcase><testcase classname="TestNsxTransformer" file="TestNsxTransformer.py" line="274" name="test_CreateDHCPServer" time="0.504"></testcase><testcase classname="TestNsxTransformer" file="TestNsxTransformer.py" line="282" name="test_CreateDHCPPool" time="0.257"></testcase><testcase classname="TestNsxTransformer" file="TestNsxTransformer.py" line="292" name="test_CreateDHCPLogicalSwitch" time="0.415"></testcase><testcase classname="TestNsxTransformer" file="TestNsxTransformer.py" line="300" name="test_CreateDHCPPortOnLogicalSwitch" time="0.393"></testcase></testsuite>